
Running check 'Phase 1: Preparation'
=================
APT Repositories:
=================
Repos:
  No active apt repos in: /etc/apt/sources.list 
  Active apt repos in: /etc/apt/sources.list.d/additional-repositories.list 
  1: deb http://dl.openfoam.org/ubuntu focal main
  2: deb https://cli.github.com/packages focal main
  Active apt repos in: /etc/apt/sources.list.d/appimagelauncher-team-stable-focal.list 
  1: deb http://ppa.launchpad.net/appimagelauncher-team/stable/ubuntu focal main
  Active apt repos in: /etc/apt/sources.list.d/conda.list 
  1: deb [arch=amd64 signed-by=/usr/share/keyrings/conda-archive-keyring.gpg] https://repo.anaconda.com/pkgs/misc/debrepo/conda stable main
  Active apt repos in: /etc/apt/sources.list.d/cubic-wizard-release-focal.list 
  1: deb http://ppa.launchpad.net/cubic-wizard/release/ubuntu focal main
  Active apt repos in: /etc/apt/sources.list.d/gazebo-stable.list 
  1: deb http://packages.osrfoundation.org/gazebo/ubuntu-stable focal main
  Active apt repos in: /etc/apt/sources.list.d/google-chrome.list 
  1: deb [arch=amd64] http://dl.google.com/linux/chrome/deb/ stable main
  Active apt repos in: /etc/apt/sources.list.d/home:ungoogled_chromium.list 
  1: deb http://download.opensuse.org/repositories/home:/ungoogled_chromium/Ubuntu_Focal/ /
  Active apt repos in: /etc/apt/sources.list.d/ichthyo-zeug-focal.list 
  1: deb http://ppa.launchpad.net/ichthyo/zeug/ubuntu focal main
  Active apt repos in: /etc/apt/sources.list.d/obsproject-obs-studio-focal.list 
  1: deb http://ppa.launchpad.net/obsproject/obs-studio/ubuntu focal main
  Active apt repos in: /etc/apt/sources.list.d/official-package-repositories.list 
  1: deb http://packages.linuxmint.com una main upstream import backport #id:linuxmint_main
  2: deb http://archive.ubuntu.com/ubuntu focal main restricted universe multiverse
  3: deb http://archive.ubuntu.com/ubuntu focal-updates main restricted universe multiverse
  4: deb http://archive.ubuntu.com/ubuntu focal-backports main restricted universe multiverse
  5: deb http://security.ubuntu.com/ubuntu/ focal-security main restricted universe multiverse
  6: deb http://archive.canonical.com/ubuntu/ focal partner
  Active apt repos in: /etc/apt/sources.list.d/spotify.list 
  1: deb http://repository.spotify.com stable non-free
  No active apt repos in: /etc/apt/sources.list.d/steam-beta.list 
  Active apt repos in: /etc/apt/sources.list.d/steam-stable.list 
  1: deb [arch=amd64,i386 signed-by=/usr/share/keyrings/steam.gpg] https://repo.steampowered.com/steam/ stable steam
  2: deb-src [arch=amd64,i386 signed-by=/usr/share/keyrings/steam.gpg] https://repo.steampowered.com/steam/ stable steam
  Active apt repos in: /etc/apt/sources.list.d/tor.list 
  1: deb [signed-by=/usr/share/keyrings/tor-archive-keyring.gpg] https://deb.torproject.org/torproject.org una main
  2: deb-src [signed-by=/usr/share/keyrings/tor-archive-keyring.gpg] https://deb.torproject.org/torproject.org una main
  Active apt repos in: /etc/apt/sources.list.d/vscode.list 
  1: deb [arch=amd64,arm64,armhf] http://packages.microsoft.com/repos/code stable main
  Active apt repos in: /etc/apt/sources.list.d/wire-desktop.list 
  1: deb [arch=amd64] https://wire-app.wire.com/linux/debian stable main
  Active apt repos in: /etc/apt/sources.list.d/zotero.list 
  1: deb https://github.com/retorquere/zotero-deb/releases/download/apt-get/ ./
=================

Running check 'Linux Mint version'
Check succeeded:  Linux Mint version

Running check 'Power source'
Check succeeded:  Power source

Running check 'APT cache'
rm -rf /var/lib/apt/lists/*
DEBIAN_PRIORITY=critical apt-get update
Get:1 http://dl.google.com/linux/chrome/deb stable InRelease [1825 B]
Get:2 https://cli.github.com/packages focal InRelease [3915 B]
Ign:3 http://packages.linuxmint.com una InRelease
Get:4 http://packages.microsoft.com/repos/code stable InRelease [3569 B]
Get:5 http://packages.linuxmint.com una Release [24.1 kB]
Get:6 https://repo.steampowered.com/steam stable InRelease [2861 B]
Get:7 https://repo.anaconda.com/pkgs/misc/debrepo/conda stable InRelease [3961 B]
Get:8 http://security.ubuntu.com/ubuntu focal-security InRelease [114 kB]
Get:9 https://wire-app.wire.com/linux/debian stable InRelease [4145 B]
Get:10 http://packages.linuxmint.com una Release.gpg [833 B]
Get:11 http://dl.google.com/linux/chrome/deb stable/main amd64 Packages [1081 B]
Err:2 https://cli.github.com/packages focal InRelease
  The following signatures couldn't be verified because the public key is not available: NO_PUBKEY 23F3D4EA75716059
Get:12 http://packages.osrfoundation.org/gazebo/ubuntu-stable focal InRelease [4279 B]
Get:13 http://archive.ubuntu.com/ubuntu focal InRelease [265 kB]
Get:14 http://archive.canonical.com/ubuntu focal InRelease [12.1 kB]
Ign:15 https://github.com/retorquere/zotero-deb/releases/download/apt-get ./ InRelease
Ign:16 https://deb.torproject.org/torproject.org una InRelease
Get:17 http://repository.spotify.com stable InRelease [3316 B]
Err:18 https://deb.torproject.org/torproject.org una Release
  404  Not Found [IP: 2620:7:6002:0:466:39ff:fe7f:1826 443]
Ign:19 http://download.opensuse.org/repositories/home:/ungoogled_chromium/Ubuntu_Focal  InRelease
Get:20 http://dl.openfoam.org/ubuntu focal InRelease [6353 B]
Get:21 http://packages.microsoft.com/repos/code stable/main amd64 Packages [79.7 kB]
Err:22 https://github.com/retorquere/zotero-deb/releases/download/apt-get ./ Release
  404  Not Found [IP: 140.82.113.4 443]
Get:23 http://ppa.launchpad.net/appimagelauncher-team/stable/ubuntu focal InRelease [24.4 kB]
Get:24 http://packages.microsoft.com/repos/code stable/main armhf Packages [80.7 kB]
Get:25 http://packages.microsoft.com/repos/code stable/main arm64 Packages [80.4 kB]
Err:26 http://download.opensuse.org/repositories/home:/ungoogled_chromium/Ubuntu_Focal  Release
  404  Not Found [IP: 2001:67c:2178:8::13 80]
Get:27 https://repo.anaconda.com/pkgs/misc/debrepo/conda stable/main amd64 Packages [3287 B]
Get:28 http://packages.linuxmint.com una/main i386 Packages [15.6 kB]
Get:29 http://packages.linuxmint.com una/main amd64 Packages [16.2 kB]
Get:30 http://packages.linuxmint.com una/upstream amd64 Packages [50.4 kB]
Get:31 http://ppa.launchpad.net/cubic-wizard/release/ubuntu focal InRelease [18.1 kB]
Get:32 https://repo.steampowered.com/steam stable/steam Sources [594 B]
Get:33 http://security.ubuntu.com/ubuntu focal-security/main i386 Packages [652 kB]
Get:34 http://archive.ubuntu.com/ubuntu focal-updates InRelease [114 kB]
Get:35 http://packages.linuxmint.com una/upstream i386 Packages [13.5 kB]
Get:36 http://packages.linuxmint.com una/import i386 Packages [3496 B]
Get:37 http://packages.linuxmint.com una/import amd64 Packages [8166 B]
Get:38 http://packages.linuxmint.com una/backport i386 Packages [27.1 kB]
Get:39 http://security.ubuntu.com/ubuntu focal-security/main amd64 Packages [2464 kB]
Get:40 http://packages.osrfoundation.org/gazebo/ubuntu-stable focal/main i386 Packages [39.9 kB]
Get:41 http://packages.linuxmint.com una/backport amd64 Packages [90.3 kB]
Get:42 https://wire-app.wire.com/linux/debian stable/main amd64 Packages [576 B]
Get:43 http://archive.ubuntu.com/ubuntu focal-backports InRelease [108 kB]
Get:44 http://security.ubuntu.com/ubuntu focal-security/main Translation-en [385 kB]
Get:45 http://security.ubuntu.com/ubuntu focal-security/main amd64 DEP-11 Metadata [59.9 kB]
Get:46 http://security.ubuntu.com/ubuntu focal-security/main amd64 c-n-f Metadata [13.2 kB]
Get:47 http://security.ubuntu.com/ubuntu focal-security/restricted i386 Packages [32.3 kB]
Get:48 http://security.ubuntu.com/ubuntu focal-security/restricted amd64 Packages [2210 kB]
Get:49 http://security.ubuntu.com/ubuntu focal-security/restricted Translation-en [309 kB]
Get:50 http://security.ubuntu.com/ubuntu focal-security/restricted amd64 c-n-f Metadata [580 B]
Get:51 http://security.ubuntu.com/ubuntu focal-security/universe i386 Packages [615 kB]
Get:52 http://security.ubuntu.com/ubuntu focal-security/universe amd64 Packages [886 kB]
Get:53 http://ppa.launchpad.net/ichthyo/zeug/ubuntu focal InRelease [18.0 kB]
Get:54 https://repo.steampowered.com/steam stable/steam i386 Packages [1344 B]
Get:55 http://packages.osrfoundation.org/gazebo/ubuntu-stable focal/main amd64 Packages [134 kB]
Get:56 http://security.ubuntu.com/ubuntu focal-security/universe Translation-en [185 kB]
Get:57 http://archive.canonical.com/ubuntu focal/partner amd64 Packages [856 B]
Get:58 http://archive.canonical.com/ubuntu focal/partner Translation-en [384 B]
Get:59 http://dl.openfoam.org/ubuntu focal/main amd64 Packages [6849 B]
Get:60 http://security.ubuntu.com/ubuntu focal-security/universe amd64 DEP-11 Metadata [96.5 kB]
Get:61 http://security.ubuntu.com/ubuntu focal-security/universe amd64 c-n-f Metadata [19.1 kB]
Get:62 http://security.ubuntu.com/ubuntu focal-security/multiverse i386 Packages [7196 B]
Get:63 http://security.ubuntu.com/ubuntu focal-security/multiverse amd64 Packages [23.6 kB]
Get:64 http://security.ubuntu.com/ubuntu focal-security/multiverse Translation-en [5504 B]
Get:65 http://security.ubuntu.com/ubuntu focal-security/multiverse amd64 DEP-11 Metadata [940 B]
Get:66 https://repo.steampowered.com/steam stable/steam amd64 Packages [1153 B]
Get:67 http://security.ubuntu.com/ubuntu focal-security/multiverse amd64 c-n-f Metadata [548 B]
Get:68 http://repository.spotify.com stable/non-free i386 Packages [1171 B]
Get:69 http://archive.ubuntu.com/ubuntu focal/main i386 Packages [718 kB]
Get:70 http://ppa.launchpad.net/obsproject/obs-studio/ubuntu focal InRelease [18.1 kB]
Get:71 http://repository.spotify.com stable/non-free amd64 Packages [1679 B]
Get:72 http://archive.ubuntu.com/ubuntu focal/main amd64 Packages [970 kB]
Get:73 http://ppa.launchpad.net/appimagelauncher-team/stable/ubuntu focal/main amd64 Packages [596 B]
Get:74 http://archive.ubuntu.com/ubuntu focal/main Translation-en [506 kB]
Get:75 http://archive.ubuntu.com/ubuntu focal/main amd64 DEP-11 Metadata [494 kB]
Get:76 http://archive.ubuntu.com/ubuntu focal/main amd64 c-n-f Metadata [29.5 kB]
Get:77 http://archive.ubuntu.com/ubuntu focal/restricted amd64 Packages [22.0 kB]
Get:78 http://archive.ubuntu.com/ubuntu focal/restricted i386 Packages [8112 B]
Get:79 http://archive.ubuntu.com/ubuntu focal/restricted Translation-en [6212 B]
Get:80 http://ppa.launchpad.net/appimagelauncher-team/stable/ubuntu focal/main Translation-en [676 B]
Get:81 http://archive.ubuntu.com/ubuntu focal/restricted amd64 c-n-f Metadata [392 B]
Get:82 http://ppa.launchpad.net/cubic-wizard/release/ubuntu focal/main amd64 Packages [828 B]
Get:83 http://archive.ubuntu.com/ubuntu focal/universe i386 Packages [4642 kB]
Get:84 http://ppa.launchpad.net/cubic-wizard/release/ubuntu focal/main i386 Packages [828 B]
Get:85 http://ppa.launchpad.net/cubic-wizard/release/ubuntu focal/main Translation-en [508 B]
Get:86 http://ppa.launchpad.net/ichthyo/zeug/ubuntu focal/main amd64 Packages [1592 B]
Get:87 http://ppa.launchpad.net/ichthyo/zeug/ubuntu focal/main i386 Packages [1588 B]
Get:88 http://archive.ubuntu.com/ubuntu focal/universe amd64 Packages [8628 kB]
Get:89 http://ppa.launchpad.net/ichthyo/zeug/ubuntu focal/main Translation-en [1432 B]
Get:90 http://archive.ubuntu.com/ubuntu focal/universe Translation-en [5124 kB]
Get:91 http://ppa.launchpad.net/obsproject/obs-studio/ubuntu focal/main amd64 Packages [1088 B]
Get:92 http://archive.ubuntu.com/ubuntu focal/universe amd64 DEP-11 Metadata [3603 kB]
Get:93 http://ppa.launchpad.net/obsproject/obs-studio/ubuntu focal/main Translation-en [160 B]
Get:94 http://archive.ubuntu.com/ubuntu focal/universe amd64 c-n-f Metadata [265 kB]
Get:95 http://archive.ubuntu.com/ubuntu focal/multiverse i386 Packages [74.7 kB]
Get:96 http://archive.ubuntu.com/ubuntu focal/multiverse amd64 Packages [144 kB]
Get:97 http://archive.ubuntu.com/ubuntu focal/multiverse Translation-en [104 kB]
Get:98 http://archive.ubuntu.com/ubuntu focal/multiverse amd64 DEP-11 Metadata [48.4 kB]
Get:99 http://archive.ubuntu.com/ubuntu focal/multiverse amd64 c-n-f Metadata [9136 B]
Get:100 http://archive.ubuntu.com/ubuntu focal-updates/main i386 Packages [884 kB]
Get:101 http://archive.ubuntu.com/ubuntu focal-updates/main amd64 Packages [2852 kB]
Get:102 http://archive.ubuntu.com/ubuntu focal-updates/main Translation-en [468 kB]
Get:103 http://archive.ubuntu.com/ubuntu focal-updates/main amd64 DEP-11 Metadata [275 kB]
Get:104 http://archive.ubuntu.com/ubuntu focal-updates/main amd64 c-n-f Metadata [17.1 kB]
Get:105 http://archive.ubuntu.com/ubuntu focal-updates/restricted amd64 Packages [2327 kB]
Get:106 http://archive.ubuntu.com/ubuntu focal-updates/restricted i386 Packages [33.7 kB]
Get:107 http://archive.ubuntu.com/ubuntu focal-updates/restricted Translation-en [325 kB]
Get:108 http://archive.ubuntu.com/ubuntu focal-updates/restricted amd64 c-n-f Metadata [576 B]
Get:109 http://archive.ubuntu.com/ubuntu focal-updates/universe amd64 Packages [1117 kB]
Get:110 http://archive.ubuntu.com/ubuntu focal-updates/universe i386 Packages [748 kB]
Get:111 http://archive.ubuntu.com/ubuntu focal-updates/universe Translation-en [267 kB]
Get:112 http://archive.ubuntu.com/ubuntu focal-updates/universe amd64 DEP-11 Metadata [414 kB]
Get:113 http://archive.ubuntu.com/ubuntu focal-updates/universe amd64 c-n-f Metadata [25.6 kB]
Get:114 http://archive.ubuntu.com/ubuntu focal-updates/multiverse amd64 Packages [25.8 kB]
Get:115 http://archive.ubuntu.com/ubuntu focal-updates/multiverse i386 Packages [8436 B]
Get:116 http://archive.ubuntu.com/ubuntu focal-updates/multiverse Translation-en [7484 B]
Get:117 http://archive.ubuntu.com/ubuntu focal-updates/multiverse amd64 DEP-11 Metadata [944 B]
Get:118 http://archive.ubuntu.com/ubuntu focal-updates/multiverse amd64 c-n-f Metadata [620 B]
Get:119 http://archive.ubuntu.com/ubuntu focal-backports/main i386 Packages [36.1 kB]
Get:120 http://archive.ubuntu.com/ubuntu focal-backports/main amd64 Packages [45.7 kB]
Get:121 http://archive.ubuntu.com/ubuntu focal-backports/main Translation-en [16.3 kB]
Get:122 http://archive.ubuntu.com/ubuntu focal-backports/main amd64 DEP-11 Metadata [8016 B]
Get:123 http://archive.ubuntu.com/ubuntu focal-backports/main amd64 c-n-f Metadata [1420 B]
Get:124 http://archive.ubuntu.com/ubuntu focal-backports/restricted amd64 c-n-f Metadata [116 B]
Get:125 http://archive.ubuntu.com/ubuntu focal-backports/universe i386 Packages [13.8 kB]
Get:126 http://archive.ubuntu.com/ubuntu focal-backports/universe amd64 Packages [25.0 kB]
Get:127 http://archive.ubuntu.com/ubuntu focal-backports/universe Translation-en [16.3 kB]
Get:128 http://archive.ubuntu.com/ubuntu focal-backports/universe amd64 DEP-11 Metadata [30.5 kB]
Get:129 http://archive.ubuntu.com/ubuntu focal-backports/universe amd64 c-n-f Metadata [880 B]
Get:130 http://archive.ubuntu.com/ubuntu focal-backports/multiverse amd64 c-n-f Metadata [116 B]
Reading package lists...
W: GPG error: https://cli.github.com/packages focal InRelease: The following signatures couldn't be verified because the public key is not available: NO_PUBKEY 23F3D4EA75716059
E: The repository 'https://cli.github.com/packages focal InRelease' is not signed.
E: The repository 'https://deb.torproject.org/torproject.org una Release' does not have a Release file.
E: The repository 'https://github.com/retorquere/zotero-deb/releases/download/apt-get ./ Release' does not have a Release file.
E: The repository 'http://download.opensuse.org/repositories/home:/ungoogled_chromium/Ubuntu_Focal  Release' does not have a Release file.
Error - Return code: 100
mintupgrade-inhibit-power: no process found
